生成启动时间为 2015/8/15 0:25:20。
     1>项目“D:\mygame\win32gl1\win32gl1.vcxproj”在节点 2 上(Build 个目标)。
     1>InitializeBuildStatus:
         正在创建“Debug\win32gl1.tlog\unsuccessfulbuild”，因为已指定“AlwaysCreate”。
       ClCompile:
         所有输出均为最新。
         D:\Program Files (x86)\Microsoft Visual Studio 12.0\VC\bin\CL.exe /c /I"D:\download\Box2D-master\Box2D-master\Box2D" /I"D:\Program Files (x86)\Visual Leak Detector\include" /I"C:\Program Files (x86)\Microsoft SDKs\Windows\v7.1A\Lib" /I"D:\download\cocos2d-x-3.4\cocos2d-x-3.4\cocos" /I"D:\download\cocos2d-x-3.4\cocos2d-x-3.4\extensions" /I"D:\download\vlc-2.0.5-win32\vlc-2.0.5\sdk\include" /ZI /nologo /W3 /WX- /sdl /Od /Oy- /D WIN32 /D _DEBUG /D _WINDOWS /D _CRT_SECURE_NO_WARNINGS /D _UNICODE /D UNICODE /D _UNICODE /D UNICODE /Gm /EHsc /RTC1 /MDd /GS /fp:precise /Zc:wchar_t /Zc:forScope /Yu"stdafx.h" /Fp"Debug\win32gl1.pch" /Fo"Debug\\" /Fd"Debug\vc120.pdb" /Gd /TP /analyze- /errorReport:prompt /vmg bar.cpp button.cpp director.cpp globalvar.cpp menuscene.cpp simplegame.cpp sprite.cpp testscene1.cpp timer.cpp win32gl1.cpp
         win32gl1.cpp
     1>d:\mygame\win32gl1\win32gl1.cpp(32): warning C4305: “初始化”: 从“double”到“float”截断
     1>d:\mygame\win32gl1\win32gl1.cpp(296): warning C4305: “参数”: 从“double”到“float”截断
     1>d:\mygame\win32gl1\win32gl1.cpp(326): warning C4244: “参数”: 从“double”转换到“GLfloat”，可能丢失数据
     1>d:\mygame\win32gl1\win32gl1.cpp(328): warning C4244: “参数”: 从“float”转换到“GLsizei”，可能丢失数据
     1>d:\mygame\win32gl1\win32gl1.cpp(328): warning C4244: “参数”: 从“float”转换到“GLint”，可能丢失数据
     1>d:\mygame\win32gl1\win32gl1.cpp(469): warning C4244: “=”: 从“double”转换到“float”，可能丢失数据
     1>d:\mygame\win32gl1\win32gl1.cpp(489): warning C4244: “=”: 从“double”转换到“float”，可能丢失数据
         timer.cpp
     1>d:\mygame\win32gl1\timer.cpp(36): warning C4244: “初始化”: 从“double”转换到“float”，可能丢失数据
         simplegame.cpp
         正在生成代码...
         正在编译...
         testscene1.cpp
     1>d:\mygame\win32gl1\testscene1.cpp(22): warning C4244: “参数”: 从“time_t”转换到“unsigned int”，可能丢失数据
     1>d:\mygame\win32gl1\testscene1.cpp(68): warning C4305: “参数”: 从“double”到“float”截断
     1>d:\mygame\win32gl1\testscene1.cpp(164): warning C4244: “参数”: 从“double”转换到“float”，可能丢失数据
     1>d:\mygame\win32gl1\testscene1.cpp(321): warning C4244: “参数”: 从“double”转换到“float32”，可能丢失数据
         sprite.cpp
     1>d:\mygame\win32gl1\sprite.cpp(183): warning C4244: “参数”: 从“double”转换到“GLfloat”，可能丢失数据
         menuscene.cpp
     1>d:\mygame\win32gl1\menuscene.cpp(20): warning C4244: “参数”: 从“time_t”转换到“unsigned int”，可能丢失数据
     1>d:\mygame\win32gl1\menuscene.cpp(76): warning C4305: “=”: 从“double”到“float”截断
         globalvar.cpp
         director.cpp
     1>d:\mygame\win32gl1\director.cpp(156): warning C4244: “=”: 从“LONG”转换到“float”，可能丢失数据
     1>d:\mygame\win32gl1\director.cpp(157): warning C4244: “=”: 从“LONG”转换到“float”，可能丢失数据
         button.cpp
         bar.cpp
         正在生成代码...
     1>d:\mygame\win32gl1\button.cpp(87): warning C4715: “Button::mouseEventCallBack”: 不是所有的控件路径都返回值
       ResourceCompile:
         所有输出均为最新。
       Link:
         D:\Program Files (x86)\Microsoft Visual Studio 12.0\VC\bin\link.exe /ERRORREPORT:PROMPT /OUT:"D:\mygame\win32gl1\Debug\win32gl1.exe" /INCREMENTAL /NOLOGO /LIBPATH:D:\mygame\libs\box2D /LIBPATH:D:\mygame\libs\png\lib /LIBPATH:D:\download\libopengl\DLL /LIBPATH:D:\download\libopengl\LIB /LIBPATH:"D:\download\cocos2d-x-3.4\cocos2d-x-3.4\build\libwin32" Box2D.lib libpng16.lib GLAUX.LIB glu.lib GLU32.LIB glut.lib GLUT32.LIB opengl.lib OPENGL32.LIB opencv_ts249d.lib opencv_objdetect249d.lib opencv_ml249d.lib opencv_legacy249d.lib opencv_imgproc249d.lib opencv_highgui249d.lib opencv_gpu249d.lib opencv_flann249d.lib opencv_features2d249d.lib opencv_core249d.lib opencv_contrib249d.lib opencv_calib3d249d.lib kernel32.lib user32.lib gdi32.lib libcocos2d.lib kernel32.lib user32.lib gdi32.lib winspool.lib comdlg32.lib advapi32.lib shell32.lib ole32.lib oleaut32.lib uuid.lib odbc32.lib odbccp32.lib /MANIFEST /MANIFESTUAC:"level='asInvoker' uiAccess='false'" /manifest:embed /DEBUG /PDB:"D:\mygame\win32gl1\Debug\win32gl1.pdb" /SUBSYSTEM:WINDOWS /TLBID:1 /DYNAMICBASE /NXCOMPAT /IMPLIB:"D:\mygame\win32gl1\Debug\win32gl1.lib" /MACHINE:X86 /SAFESEH:NO Debug\win32gl1.res
         Debug\bar.obj
         Debug\button.obj
         Debug\director.obj
         Debug\gamelogic.obj
         Debug\globalvar.obj
         Debug\loadpng.obj
         Debug\menuscene.obj
         Debug\printText.obj
         Debug\scene.obj
         Debug\simplegame.obj
         Debug\sprite.obj
         Debug\stdafx.obj
         Debug\testscene1.obj
         Debug\timer.obj
         Debug\win32gl1.obj
         win32gl1.vcxproj -> D:\mygame\win32gl1\Debug\win32gl1.exe
       FinalizeBuildStatus:
         正在删除文件“Debug\win32gl1.tlog\unsuccessfulbuild”。
         正在对“Debug\win32gl1.tlog\win32gl1.lastbuildstate”执行 Touch 任务。
     1>已完成生成项目“D:\mygame\win32gl1\win32gl1.vcxproj”(Build 个目标)的操作。

生成成功。

已用时间 00:00:09.00
