d:\mygame\win32gl1\debug\win32gl1.pch
d:\mygame\win32gl1\debug\vc120.pdb
d:\mygame\win32gl1\debug\vc120.idb
d:\mygame\win32gl1\debug\stdafx.obj
d:\mygame\win32gl1\debug\button.obj
d:\mygame\win32gl1\debug\director.obj
d:\mygame\win32gl1\debug\gamelogic.obj
d:\mygame\win32gl1\debug\globalvar.obj
d:\mygame\win32gl1\debug\loadpng.obj
d:\mygame\win32gl1\debug\menuscene.obj
d:\mygame\win32gl1\debug\printtext.obj
d:\mygame\win32gl1\debug\scene.obj
d:\mygame\win32gl1\debug\sprite.obj
d:\mygame\win32gl1\debug\testscene1.obj
d:\mygame\win32gl1\debug\win32gl1.obj
d:\mygame\win32gl1\debug\win32gl1.ilk
d:\mygame\win32gl1\debug\win32gl1.exe
d:\mygame\win32gl1\debug\win32gl1.pdb
d:\mygame\win32gl1\debug\win32gl1.res
d:\mygame\win32gl1\debug\win32gl1.tlog\cl.command.1.tlog
d:\mygame\win32gl1\debug\win32gl1.tlog\cl.read.1.tlog
d:\mygame\win32gl1\debug\win32gl1.tlog\cl.write.1.tlog
d:\mygame\win32gl1\debug\win32gl1.tlog\link.command.1.tlog
d:\mygame\win32gl1\debug\win32gl1.tlog\link.read.1.tlog
d:\mygame\win32gl1\debug\win32gl1.tlog\link.write.1.tlog
d:\mygame\win32gl1\debug\win32gl1.tlog\rc.command.1.tlog
d:\mygame\win32gl1\debug\win32gl1.tlog\rc.read.1.tlog
d:\mygame\win32gl1\debug\win32gl1.tlog\rc.write.1.tlog
